Writing PID to /Users/timhatch/sites/flashresults/ruby/tmp/pids/thin.5000.pid
Changing process privilege to timhatch:staff
Thin web server (v1.7.0 codename Dunder Mifflin)
Maximum connections set to 128
Listening on 127.0.0.1:5000, CTRL+C to stop
Exiting!
Writing PID to /Users/timhatch/sites/flashresults/ruby/tmp/pids/thin.5000.pid
Changing process privilege to timhatch:staff
Thin web server (v1.7.0 codename Dunder Mifflin)
Maximum connections set to 128
Listening on 127.0.0.1:5000, CTRL+C to stop
Exiting!
Writing PID to /Users/timhatch/sites/flashresults/ruby/tmp/pids/thin.5000.pid
Changing process privilege to timhatch:staff
Thin web server (v1.7.0 codename Dunder Mifflin)
Maximum connections set to 128
Listening on 127.0.0.1:5000, CTRL+C to stop
Writing PID to /Users/timhatch/sites/flashresults/ruby/tmp/pids/thin.5000.pid
Changing process privilege to timhatch:staff
Thin web server (v1.7.0 codename Dunder Mifflin)
Maximum connections set to 128
Listening on 127.0.0.1:5000, CTRL+C to stop
Writing PID to /Users/timhatch/sites/flashresults/ruby/tmp/pids/thin.5000.pid
Changing process privilege to timhatch:staff
Thin web server (v1.7.0 codename Dunder Mifflin)
Maximum connections set to 128
Listening on 127.0.0.1:5000, CTRL+C to stop
Exiting!
Writing PID to /Users/timhatch/sites/flashresults/ruby/tmp/pids/thin.5000.pid
Changing process privilege to timhatch:staff
Thin web server (v1.7.0 codename Dunder Mifflin)
Maximum connections set to 128
Listening on 127.0.0.1:5000, CTRL+C to stop
Writing PID to /Users/timhatch/sites/flashresults/ruby/tmp/pids/thin.5000.pid
Changing process privilege to timhatch:staff
Thin web server (v1.7.0 codename Dunder Mifflin)
Maximum connections set to 128
Listening on 127.0.0.1:5000, CTRL+C to stop
Exiting!
Writing PID to /Users/timhatch/sites/flashresults/ruby/tmp/pids/thin.5000.pid
Changing process privilege to timhatch:staff
Thin web server (v1.7.0 codename Dunder Mifflin)
Maximum connections set to 128
Listening on 127.0.0.1:5000, CTRL+C to stop
Exiting!
Writing PID to /Users/timhatch/sites/flashresults/ruby/tmp/pids/thin.5000.pid
Changing process privilege to timhatch:staff
Thin web server (v1.7.0 codename Dunder Mifflin)
Maximum connections set to 128
Listening on 127.0.0.1:5000, CTRL+C to stop
Exiting!
Writing PID to /Users/timhatch/sites/flashresults/ruby/tmp/pids/thin.5000.pid
Changing process privilege to timhatch:staff
Thin web server (v1.7.0 codename Dunder Mifflin)
Maximum connections set to 128
Listening on 127.0.0.1:5000, CTRL+C to stop
Exiting!
Writing PID to /Users/timhatch/sites/flashresults/ruby/tmp/pids/thin.5000.pid
Changing process privilege to timhatch:staff
Thin web server (v1.7.0 codename Dunder Mifflin)
Maximum connections set to 128
Listening on 127.0.0.1:5000, CTRL+C to stop
Exception raised in EGroupwarePrivateAPI:ranking_boulder_measurement
Exception raised in EGroupwarePrivateAPI:ranking_boulder_measurement
Exception raised in EGroupwarePrivateAPI:ranking_boulder_measurement
Exception raised in EGroupwarePrivateAPI:ranking_boulder_measurement
Exception raised in EGroupwarePrivateAPI:ranking_boulder_measurement
Exception raised in EGroupwarePrivateAPI:ranking_boulder_measurement
Exception raised in EGroupwarePrivateAPI:ranking_boulder_measurement
Exception raised in EGroupwarePrivateAPI:ranking_boulder_measurement
Exception raised in EGroupwarePrivateAPI:ranking_boulder_measurement
Exception raised in EGroupwarePrivateAPI:ranking_boulder_measurement
Exception raised in EGroupwarePrivateAPI:ranking_boulder_measurement
Exception raised in EGroupwarePrivateAPI:ranking_boulder_measurement
Exception raised in EGroupwarePrivateAPI:ranking_boulder_measurement
Exception raised in EGroupwarePrivateAPI:ranking_boulder_measurement
Exception raised in EGroupwarePrivateAPI:ranking_boulder_measurement
Exception raised in EGroupwarePrivateAPI:ranking_boulder_measurement
